2025-09-28 15:08:54,194 - INFO - Initialized tracking for 9 Universal IDs
2025-09-28 15:08:54,276 - INFO - Started stage: noteheads_extraction (expecting 9 Universal IDs)
2025-09-28 15:08:54,303 - INFO - Stage completed: noteheads_extraction (9/9 Universal IDs, 215.0 notes/s, 0.0s)
2025-09-28 15:08:54,303 - INFO - Started stage: noteheads_subtraction (expecting 9 Universal IDs)
2025-09-28 15:08:54,328 - INFO - Stage completed: noteheads_subtraction (9/9 Universal IDs, 368.3 notes/s, 0.0s)
2025-09-28 15:08:54,328 - INFO - Started stage: instrument_separation (expecting 9 Universal IDs)
2025-09-28 15:08:54,361 - INFO - Stage completed: instrument_separation (9/9 Universal IDs, 270.4 notes/s, 0.0s)
2025-09-28 15:08:54,361 - INFO - Started stage: individual_noteheads_creation (expecting 9 Universal IDs)
2025-09-28 15:08:54,413 - INFO - Stage completed: individual_noteheads_creation (9/9 Universal IDs, 173.1 notes/s, 0.1s)
2025-09-28 15:08:54,414 - INFO - Started stage: staff_barlines_extraction (expecting 9 Universal IDs)
2025-09-28 15:08:54,449 - INFO - Stage completed: staff_barlines_extraction (9/9 Universal IDs, 255.1 notes/s, 0.0s)
2025-09-28 15:08:54,449 - INFO - Started stage: midi_note_separation (expecting 9 Universal IDs)
2025-09-28 15:09:07,394 - INFO - Initialized tracking for 9 Universal IDs
2025-09-28 15:09:07,467 - INFO - Started stage: noteheads_extraction (expecting 9 Universal IDs)
2025-09-28 15:09:07,493 - INFO - Stage completed: noteheads_extraction (9/9 Universal IDs, 232.2 notes/s, 0.0s)
2025-09-28 15:09:07,493 - INFO - Started stage: noteheads_subtraction (expecting 9 Universal IDs)
2025-09-28 15:09:07,516 - INFO - Stage completed: noteheads_subtraction (9/9 Universal IDs, 398.2 notes/s, 0.0s)
2025-09-28 15:09:07,516 - INFO - Started stage: instrument_separation (expecting 9 Universal IDs)
2025-09-28 15:09:07,543 - INFO - Stage completed: instrument_separation (9/9 Universal IDs, 334.5 notes/s, 0.0s)
2025-09-28 15:09:07,543 - INFO - Started stage: individual_noteheads_creation (expecting 9 Universal IDs)
2025-09-28 15:09:07,570 - INFO - Stage completed: individual_noteheads_creation (9/9 Universal IDs, 338.4 notes/s, 0.0s)
2025-09-28 15:09:07,570 - INFO - Started stage: staff_barlines_extraction (expecting 9 Universal IDs)
2025-09-28 15:09:07,595 - INFO - Stage completed: staff_barlines_extraction (9/9 Universal IDs, 364.9 notes/s, 0.0s)
2025-09-28 15:09:07,595 - INFO - Started stage: midi_note_separation (expecting 9 Universal IDs)
2025-09-28 15:14:11,542 - INFO - Initialized tracking for 9 Universal IDs
2025-09-28 15:14:11,625 - INFO - Started stage: noteheads_extraction (expecting 9 Universal IDs)
2025-09-28 15:14:11,649 - INFO - Stage completed: noteheads_extraction (9/9 Universal IDs, 226.3 notes/s, 0.0s)
2025-09-28 15:14:11,649 - INFO - Started stage: noteheads_subtraction (expecting 9 Universal IDs)
2025-09-28 15:14:11,674 - INFO - Stage completed: noteheads_subtraction (9/9 Universal IDs, 358.5 notes/s, 0.0s)
2025-09-28 15:14:11,674 - INFO - Started stage: instrument_separation (expecting 9 Universal IDs)
2025-09-28 15:14:11,705 - INFO - Stage completed: instrument_separation (9/9 Universal IDs, 292.8 notes/s, 0.0s)
2025-09-28 15:14:11,705 - INFO - Started stage: individual_noteheads_creation (expecting 9 Universal IDs)
2025-09-28 15:14:11,731 - INFO - Stage completed: individual_noteheads_creation (9/9 Universal IDs, 355.6 notes/s, 0.0s)
2025-09-28 15:14:11,731 - INFO - Started stage: staff_barlines_extraction (expecting 9 Universal IDs)
2025-09-28 15:14:11,756 - INFO - Stage completed: staff_barlines_extraction (9/9 Universal IDs, 357.4 notes/s, 0.0s)
2025-09-28 15:14:11,756 - INFO - Started stage: midi_note_separation (expecting 9 Universal IDs)
2025-09-28 15:14:11,809 - INFO - Stage completed: midi_note_separation (9/9 Universal IDs, 171.7 notes/s, 0.1s)
2025-09-28 15:14:11,809 - INFO - Started stage: midi_to_audio_rendering (expecting 9 Universal IDs)
2025-09-28 15:14:12,459 - INFO - Stage completed: midi_to_audio_rendering (9/9 Universal IDs, 13.8 notes/s, 0.7s)
2025-09-28 15:14:12,459 - INFO - Started stage: audio_to_keyframes (expecting 9 Universal IDs)
2025-09-28 15:14:17,305 - INFO - Stage completed: audio_to_keyframes (9/9 Universal IDs, 1.9 notes/s, 4.8s)
